<?xml version="1.0" encoding="UTF-8"?>
<!-- Generated by org.testng.reporters.JUnitReportReporter -->
<testsuite skipped="0" hostname="Toruk-Macto" name="MyTestNGSample.TestNGPriorityTestSample" tests="3" failures="0" timestamp="17 Mar 2019 17:43:08 GMT" time="0.012" errors="0">
  <testcase name="sampleTestNumberThree" time="0.009" classname="MyTestNGSample.TestNGPriorityTestSample"/>
  <testcase name="sampleTest" time="0.002" classname="MyTestNGSample.TestNGPriorityTestSample"/>
  <testcase name="sampleTestTwo" time="0.001" classname="MyTestNGSample.TestNGPriorityTestSample"/>
</testsuite> <!-- MyTestNGSample.TestNGPriorityTestSample -->
