<?xml version="1.0" encoding="UTF-8"?>
<!-- Generated by org.testng.reporters.JUnitReportReporter -->
<testsuite skipped="0" hostname="Toruk-Macto" name="AnotherAttemptInTestNGSample.MyTestNGPrioritySample" tests="2" failures="0" timestamp="12 Mar 2019 18:08:34 GMT" time="11.555" errors="0">
  <testcase name="registerButton" time="5.895" classname="AnotherAttemptInTestNGSample.MyTestNGPrioritySample"/>
  <testcase name="supportButton" time="5.660" classname="AnotherAttemptInTestNGSample.MyTestNGPrioritySample"/>
</testsuite> <!-- AnotherAttemptInTestNGSample.MyTestNGPrioritySample -->
