<?xml version="1.0" encoding="UTF-8"?>
<!-- Generated by org.testng.reporters.JUnitReportReporter -->
<testsuite skipped="0" hostname="Toruk-Macto" name="DemoBankProjectLiveTestDay04.LiveTestOnDataParameterizationUsingTestNG" tests="1" failures="0" timestamp="19 Apr 2019 19:50:53 GMT" time="15.927" errors="0">
  <testcase name="ComencingIterationThroughRows" time="15.927" classname="DemoBankProjectLiveTestDay04.LiveTestOnDataParameterizationUsingTestNG"/>
</testsuite> <!-- DemoBankProjectLiveTestDay04.LiveTestOnDataParameterizationUsingTestNG -->
