<?xml version="1.0" encoding="UTF-8"?>
<!-- Generated by org.testng.reporters.JUnitReportReporter -->
<testsuite skipped="1" hostname="Toruk-Macto" name="tutorial.edureka.example.com.TestNGAttributes" tests="12" failures="0" timestamp="12 Jun 2019 16:27:56 GMT" time="0.021" errors="0">
  <testcase name="TestCaseFunctionF1" time="0.000" classname="tutorial.edureka.example.com.TestNGAttributes"/>
  <testcase name="TestCaseFunctionD1" time="0.007" classname="tutorial.edureka.example.com.TestNGAttributes"/>
  <testcase name="TestCaseFunctionA1" time="0.000" classname="tutorial.edureka.example.com.TestNGAttributes"/>
  <testcase name="TestCaseFunctionB1" time="0.000" classname="tutorial.edureka.example.com.TestNGAttributes"/>
  <testcase name="TestCaseFunctionBB" time="0.009" classname="tutorial.edureka.example.com.TestNGAttributes"/>
  <testcase name="TestCaseFunctionE1" time="0.000" classname="tutorial.edureka.example.com.TestNGAttributes"/>
  <testcase name="TestCaseFunctionAA" time="0.001" classname="tutorial.edureka.example.com.TestNGAttributes"/>
  <testcase name="TestCaseFunctionCC" time="0.000" classname="tutorial.edureka.example.com.TestNGAttributes"/>
  <testcase name="TestCaseFunctionDD" time="0.000" classname="tutorial.edureka.example.com.TestNGAttributes"/>
  <testcase name="TestCaseFunctionFF" time="0.004" classname="tutorial.edureka.example.com.TestNGAttributes"/>
  <testcase name="TestCaseFunctionEE" time="0.000" classname="tutorial.edureka.example.com.TestNGAttributes"/>
  <testcase name="TestCaseFunctionC1" classname="tutorial.edureka.example.com.TestNGAttributes">
    <skipped/>
  </testcase> <!-- TestCaseFunctionC1 -->
</testsuite> <!-- tutorial.edureka.example.com.TestNGAttributes -->
