<?xml version="1.0" encoding="UTF-8"?>
<!-- Generated by org.testng.reporters.JUnitReportReporter -->
<testsuite skipped="0" hostname="Toruk-Macto" name="AnotherAttemptInTestNGSample.MyTestNGSamepleWithPropertiesFile" tests="1" failures="0" timestamp="14 Mar 2019 20:37:46 GMT" time="3.987" errors="0">
  <testcase name="genralSearch" time="3.987" classname="AnotherAttemptInTestNGSample.MyTestNGSamepleWithPropertiesFile"/>
</testsuite> <!-- AnotherAttemptInTestNGSample.MyTestNGSamepleWithPropertiesFile -->
