<?xml version="1.0" encoding="UTF-8"?>
<!-- Generated by org.testng.reporters.JUnitReportReporter -->
<testsuite skipped="0" hostname="Toruk-Macto" name="AnotherAttemptInTestNGSample.MyTestNGSamepleTwoSubOne" tests="1" failures="0" timestamp="13 Mar 2019 18:23:59 GMT" time="2.155" errors="0">
  <testcase name="genralSearchDemoSample" time="2.155" classname="AnotherAttemptInTestNGSample.MyTestNGSamepleTwoSubOne"/>
</testsuite> <!-- AnotherAttemptInTestNGSample.MyTestNGSamepleTwoSubOne -->
