<?xml version="1.0" encoding="UTF-8"?>
<!-- Generated by org.testng.reporters.JUnitReportReporter -->
<testsuite skipped="0" hostname="Toruk-Macto" name="LiveTestProjectDay06.MySolutionTestNGTestCase06" tests="1" failures="0" timestamp="10 Apr 2019 19:32:19 GMT" time="43.650" errors="0">
  <testcase name="CommencingTest06Day06" time="43.650" classname="LiveTestProjectDay06.MySolutionTestNGTestCase06"/>
</testsuite> <!-- LiveTestProjectDay06.MySolutionTestNGTestCase06 -->
