<?xml version="1.0" encoding="UTF-8"?>
<!-- Generated by org.testng.reporters.JUnitReportReporter -->
<testsuite skipped="0" hostname="Toruk-Macto" name="tutorial.edureka.example.com.PageFactoryFindingWebElements" tests="1" failures="0" timestamp="03 Jul 2019 16:09:14 GMT" time="2.874" errors="0">
  <testcase name="PerformTest" time="2.874" classname="tutorial.edureka.example.com.PageFactoryFindingWebElements"/>
</testsuite> <!-- tutorial.edureka.example.com.PageFactoryFindingWebElements -->
