<?xml version="1.0" encoding="UTF-8"?>
<!-- Generated by org.testng.reporters.JUnitReportReporter -->
<testsuite skipped="0" hostname="Toruk-Macto" name="DemoBankProjectLiveTestCaseDay04.LiveTestOnDataParameterizationUsingTestNG" tests="1" failures="0" timestamp="20 Apr 2019 19:56:44 GMT" time="28.872" errors="0">
  <testcase name="ComencingIterationThroughRows" time="28.872" classname="DemoBankProjectLiveTestCaseDay04.LiveTestOnDataParameterizationUsingTestNG"/>
</testsuite> <!-- DemoBankProjectLiveTestCaseDay04.LiveTestOnDataParameterizationUsingTestNG -->
