<?xml version="1.0" encoding="UTF-8"?>
<!-- Generated by org.testng.reporters.JUnitReportReporter -->
<testsuite skipped="0" hostname="Toruk-Macto" name="ExcelUtilities.ExcelDataProviderSample" tests="2" failures="0" timestamp="16 Mar 2019 20:34:02 GMT" time="8.157" errors="0">
  <testcase name="myDataProviderTest" time="5.590" classname="ExcelUtilities.ExcelDataProviderSample"/>
  <testcase name="myDataProviderTest" time="2.567" classname="ExcelUtilities.ExcelDataProviderSample"/>
</testsuite> <!-- ExcelUtilities.ExcelDataProviderSample -->
