<?xml version="1.0" encoding="UTF-8"?>
<!-- Generated by org.testng.reporters.JUnitReportReporter -->
<testsuite skipped="0" hostname="Toruk-Macto" name="DemoBankProjectLiveTestCaseDay06.LiveTestOnTakingScreenshotForVerifiedLoginPageUsingTestNG" tests="4" failures="0" timestamp="21 Apr 2019 18:37:29 GMT" time="24.824" errors="0">
  <testcase name="setData" time="5.284" classname="DemoBankProjectLiveTestCaseDay06.LiveTestOnTakingScreenshotForVerifiedLoginPageUsingTestNG"/>
  <testcase name="setData" time="9.248" classname="DemoBankProjectLiveTestCaseDay06.LiveTestOnTakingScreenshotForVerifiedLoginPageUsingTestNG"/>
  <testcase name="setData" time="5.179" classname="DemoBankProjectLiveTestCaseDay06.LiveTestOnTakingScreenshotForVerifiedLoginPageUsingTestNG"/>
  <testcase name="setData" time="5.113" classname="DemoBankProjectLiveTestCaseDay06.LiveTestOnTakingScreenshotForVerifiedLoginPageUsingTestNG"/>
</testsuite> <!-- DemoBankProjectLiveTestCaseDay06.LiveTestOnTakingScreenshotForVerifiedLoginPageUsingTestNG -->
