<?xml version="1.0" encoding="UTF-8"?>
<!-- Generated by org.testng.reporters.JUnitReportReporter -->
<testsuite skipped="1" hostname="Toruk-Macto" name="MyTestNGListenersSample.TestNGLListenersTestSample" tests="3" failures="0" timestamp="23 Mar 2019 18:31:07 GMT" time="8.556" errors="0">
  <testcase name="testSampleTwo" time="8.543" classname="MyTestNGListenersSample.TestNGLListenersTestSample"/>
  <testcase name="testThree" time="0.003" classname="MyTestNGListenersSample.TestNGLListenersTestSample">
    <skipped/>
  </testcase> <!-- testThree -->
  <testcase name="testSample" time="0.010" classname="MyTestNGListenersSample.TestNGLListenersTestSample"/>
</testsuite> <!-- MyTestNGListenersSample.TestNGLListenersTestSample -->
