<?xml version="1.0" encoding="UTF-8"?>
<!-- Generated by org.testng.reporters.JUnitReportReporter -->
<testsuite skipped="0" hostname="Toruk-Macto" name="LiveTestProjectDay01.LiveTestProjectKickOffTestNG" tests="1" failures="0" timestamp="10 Apr 2019 18:40:11 GMT" time="11.492" errors="0">
  <testcase name="CommencingTest01Day01" time="11.492" classname="LiveTestProjectDay01.LiveTestProjectKickOffTestNG"/>
</testsuite> <!-- LiveTestProjectDay01.LiveTestProjectKickOffTestNG -->
