<?xml version="1.0" encoding="UTF-8"?>
<!-- Generated by org.testng.reporters.JUnitReportReporter -->
<testsuite skipped="0" hostname="Toruk-Macto" name="AnotherAttemptInTestNGSample.MyTestNGPrioritySample" tests="2" failures="0" timestamp="23 Mar 2019 19:14:22 GMT" time="15.207" errors="0">
  <testcase name="registerButton" time="9.878" classname="AnotherAttemptInTestNGSample.MyTestNGPrioritySample"/>
  <testcase name="supportButton" time="5.329" classname="AnotherAttemptInTestNGSample.MyTestNGPrioritySample"/>
</testsuite> <!-- AnotherAttemptInTestNGSample.MyTestNGPrioritySample -->
