<?xml version="1.0" encoding="UTF-8"?>
<!-- Generated by org.testng.reporters.JUnitReportReporter -->
<testsuite skipped="0" hostname="Toruk-Macto" name="AnotherAttemptInTestNGSample.MyTestNGSamepleTwo" tests="1" failures="0" timestamp="13 Mar 2019 18:23:59 GMT" time="1.874" errors="0">
  <testcase name="genralSearch" time="1.874" classname="AnotherAttemptInTestNGSample.MyTestNGSamepleTwo"/>
</testsuite> <!-- AnotherAttemptInTestNGSample.MyTestNGSamepleTwo -->
