<?xml version="1.0" encoding="UTF-8"?>
<!-- Generated by org.testng.reporters.JUnitReportReporter -->
<testsuite skipped="0" hostname="Toruk-Macto" name="LiveTestProjectDay05.MySolutionTestNGTestCase05" tests="1" failures="0" timestamp="10 Apr 2019 19:22:35 GMT" time="18.601" errors="0">
  <testcase name="CommencingTest05Day05" time="18.601" classname="LiveTestProjectDay05.MySolutionTestNGTestCase05"/>
</testsuite> <!-- LiveTestProjectDay05.MySolutionTestNGTestCase05 -->
