<?xml version="1.0" encoding="UTF-8"?>
<!-- Generated by org.testng.reporters.JUnitReportReporter -->
<testsuite skipped="0" hostname="Toruk-Macto" name="LiveTestProjectDay09.MySolutionTestNGTestCase09" tests="1" failures="0" timestamp="10 Apr 2019 19:54:26 GMT" time="13.140" errors="0">
  <testcase name="CommencingTest09Day09" time="13.140" classname="LiveTestProjectDay09.MySolutionTestNGTestCase09"/>
</testsuite> <!-- LiveTestProjectDay09.MySolutionTestNGTestCase09 -->
