<?xml version="1.0" encoding="UTF-8"?>
<!-- Generated by org.testng.reporters.JUnitReportReporter -->
<testsuite skipped="1" hostname="Toruk-Macto" name="MyTestNGListenersSample.TestNGLListenersTestSample" tests="3" failures="0" timestamp="17 Mar 2019 15:29:25 GMT" time="11.063" errors="0">
  <testcase name="testSample" time="0.011" classname="MyTestNGListenersSample.TestNGLListenersTestSample"/>
  <testcase name="testSampleTwo" time="11.051" classname="MyTestNGListenersSample.TestNGLListenersTestSample"/>
  <testcase name="testThree" time="0.001" classname="MyTestNGListenersSample.TestNGLListenersTestSample">
    <skipped/>
  </testcase> <!-- testThree -->
</testsuite> <!-- MyTestNGListenersSample.TestNGLListenersTestSample -->
