<?xml version="1.0" encoding="UTF-8"?>
<!-- Generated by org.testng.reporters.JUnitReportReporter -->
<testsuite skipped="0" hostname="Toruk-Macto" name="MyTestNGSample.ASimpleSeleniumTest" tests="1" failures="0" timestamp="18 Mar 2019 18:25:23 GMT" time="8.368" errors="0">
  <testcase name="testASimpleSelenium" time="8.368" classname="MyTestNGSample.ASimpleSeleniumTest"/>
</testsuite> <!-- MyTestNGSample.ASimpleSeleniumTest -->
