<?xml version="1.0" encoding="UTF-8"?>
<!-- Generated by org.testng.reporters.JUnitReportReporter -->
<testsuite skipped="0" hostname="Toruk-Macto" name="LiveTestProjectDay10.MySolutionTestNGTestCase10" tests="1" failures="0" timestamp="10 Apr 2019 20:09:06 GMT" time="61.106" errors="0">
  <testcase name="CommencingTest10Day10" time="61.106" classname="LiveTestProjectDay10.MySolutionTestNGTestCase10"/>
</testsuite> <!-- LiveTestProjectDay10.MySolutionTestNGTestCase10 -->
