<?xml version="1.0" encoding="UTF-8"?>
<!-- Generated by org.testng.reporters.JUnitReportReporter -->
<testsuite skipped="0" hostname="Toruk-Macto" name="DemoBankProjectLiveTestCaseDay05.LiveTestOnDynamicLoginTextVerification" tests="4" failures="0" timestamp="20 Apr 2019 19:51:06 GMT" time="19.681" errors="0">
  <testcase name="setData" time="5.010" classname="DemoBankProjectLiveTestCaseDay05.LiveTestOnDynamicLoginTextVerification"/>
  <testcase name="setData" time="4.910" classname="DemoBankProjectLiveTestCaseDay05.LiveTestOnDynamicLoginTextVerification"/>
  <testcase name="setData" time="5.016" classname="DemoBankProjectLiveTestCaseDay05.LiveTestOnDynamicLoginTextVerification"/>
  <testcase name="setData" time="4.745" classname="DemoBankProjectLiveTestCaseDay05.LiveTestOnDynamicLoginTextVerification"/>
</testsuite> <!-- DemoBankProjectLiveTestCaseDay05.LiveTestOnDynamicLoginTextVerification -->
