<?xml version="1.0" encoding="UTF-8"?>
<!-- Generated by org.testng.reporters.JUnitReportReporter -->
<testsuite skipped="0" hostname="Toruk-Macto" name="tutorial.edureka.example.com.AnotherGroupingUsingTestNG" tests="6" failures="0" timestamp="13 Jun 2019 15:49:46 GMT" time="0.007" errors="0">
  <testcase name="Function3" time="0.000" classname="tutorial.edureka.example.com.AnotherGroupingUsingTestNG"/>
  <testcase name="Function5" time="0.001" classname="tutorial.edureka.example.com.AnotherGroupingUsingTestNG"/>
  <testcase name="Function1" time="0.006" classname="tutorial.edureka.example.com.AnotherGroupingUsingTestNG"/>
  <testcase name="Function2" time="0.000" classname="tutorial.edureka.example.com.AnotherGroupingUsingTestNG"/>
  <testcase name="Function6" time="0.000" classname="tutorial.edureka.example.com.AnotherGroupingUsingTestNG"/>
  <testcase name="Function4" time="0.000" classname="tutorial.edureka.example.com.AnotherGroupingUsingTestNG"/>
</testsuite> <!-- tutorial.edureka.example.com.AnotherGroupingUsingTestNG -->
