<?xml version="1.0" encoding="UTF-8"?>
<!-- Generated by org.testng.reporters.JUnitReportReporter -->
<testsuite skipped="1" hostname="Toruk-Macto" name="MyTestNGSample.TestNGSampleIgnoreTest" tests="2" failures="0" timestamp="18 Mar 2019 15:16:27 GMT" time="0.009" errors="0">
  <testcase name="anotherTest" time="0.009" classname="MyTestNGSample.TestNGSampleIgnoreTest"/>
  <testcase name="sampleTest" classname="MyTestNGSample.TestNGSampleIgnoreTest">
    <skipped/>
  </testcase> <!-- sampleTest -->
</testsuite> <!-- MyTestNGSample.TestNGSampleIgnoreTest -->
