<?xml version="1.0" encoding="UTF-8"?>
<!-- Generated by org.testng.reporters.JUnitReportReporter -->
<testsuite skipped="0" hostname="Toruk-Macto" name="tutorial.edureka.example.com.TestNGAssertions" tests="2" failures="0" timestamp="13 Jun 2019 15:49:46 GMT" time="0.012" errors="0">
  <testcase name="RetrieveTitle" time="0.008" classname="tutorial.edureka.example.com.TestNGAssertions"/>
  <testcase name="EqualityAssertion" time="0.004" classname="tutorial.edureka.example.com.TestNGAssertions"/>
</testsuite> <!-- tutorial.edureka.example.com.TestNGAssertions -->
