<?xml version="1.0" encoding="UTF-8"?>
<!-- Generated by org.testng.reporters.JUnitReportReporter -->
<testsuite skipped="0" hostname="Toruk-Macto" name="LiveTestProjeectDay08.MySolutionTestNGTestCase08" tests="1" failures="0" timestamp="10 Apr 2019 19:47:32 GMT" time="26.310" errors="0">
  <testcase name="CommencingTest08Day08" time="26.310" classname="LiveTestProjeectDay08.MySolutionTestNGTestCase08"/>
</testsuite> <!-- LiveTestProjeectDay08.MySolutionTestNGTestCase08 -->
