<?xml version="1.0" encoding="UTF-8"?>
<!-- Generated by org.testng.reporters.JUnitReportReporter -->
<testsuite skipped="0" hostname="Toruk-Macto" name="MyTestNGSample.ASimpleSeleniumTest" tests="1" failures="0" timestamp="23 Mar 2019 19:39:59 GMT" time="8.220" errors="0">
  <testcase name="testASimpleSelenium" time="8.220" classname="MyTestNGSample.ASimpleSeleniumTest"/>
</testsuite> <!-- MyTestNGSample.ASimpleSeleniumTest -->
