<?xml version="1.0" encoding="UTF-8"?>
<!-- Generated by org.testng.reporters.JUnitReportReporter -->
<testsuite skipped="0" hostname="Toruk-Macto" name="MyTestNGSample.SampleTestNG" tests="1" failures="0" timestamp="12 Mar 2019 15:22:38 GMT" time="1.366" errors="0">
  <testcase name="generalSearch" time="1.366" classname="MyTestNGSample.SampleTestNG"/>
</testsuite> <!-- MyTestNGSample.SampleTestNG -->
