<?xml version="1.0" encoding="UTF-8"?>
<!-- Generated by org.testng.reporters.JUnitReportReporter -->
<testsuite skipped="0" hostname="Toruk-Macto" name="LiveTestProjectDay02.MySolutionTestNGLiveTestCase02" tests="1" failures="0" timestamp="10 Apr 2019 18:53:01 GMT" time="6.728" errors="0">
  <testcase name="CommencingTest01Day02" time="6.728" classname="LiveTestProjectDay02.MySolutionTestNGLiveTestCase02"/>
</testsuite> <!-- LiveTestProjectDay02.MySolutionTestNGLiveTestCase02 -->
