<?xml version="1.0" encoding="UTF-8"?>
<!-- Generated by org.testng.reporters.JUnitReportReporter -->
<testsuite skipped="0" hostname="Toruk-Macto" name="LiveTestProjectDay03.MySolutionTestNGTestCase03" tests="1" failures="0" timestamp="10 Apr 2019 19:05:07 GMT" time="10.090" errors="0">
  <testcase name="CommencingTest03Day03" time="10.090" classname="LiveTestProjectDay03.MySolutionTestNGTestCase03"/>
</testsuite> <!-- LiveTestProjectDay03.MySolutionTestNGTestCase03 -->
