<?xml version="1.0" encoding="UTF-8"?>
<!-- Generated by org.testng.reporters.JUnitReportReporter -->
<testsuite skipped="0" hostname="Toruk-Macto" name="LiveTestProjectDay07.MySolutionTestNGTestCase07" tests="1" failures="0" timestamp="10 Apr 2019 19:40:34 GMT" time="14.600" errors="0">
  <testcase name="CommencingTest07Day07" time="14.600" classname="LiveTestProjectDay07.MySolutionTestNGTestCase07"/>
</testsuite> <!-- LiveTestProjectDay07.MySolutionTestNGTestCase07 -->
