<?xml version="1.0" encoding="UTF-8"?>
<!-- Generated by org.testng.reporters.JUnitReportReporter -->
<testsuite skipped="0" hostname="Toruk-Macto" name="MyExtentReportsTestNGSample.ExtentReportsTestNGSample" tests="2" failures="0" timestamp="13 Mar 2019 15:05:02 GMT" time="5.188" errors="0">
  <testcase name="myTestNGTestCase" time="3.521" classname="MyExtentReportsTestNGSample.ExtentReportsTestNGSample"/>
  <testcase name="myTestNGTestCaseTwo" time="1.667" classname="MyExtentReportsTestNGSample.ExtentReportsTestNGSample"/>
</testsuite> <!-- MyExtentReportsTestNGSample.ExtentReportsTestNGSample -->
