<?xml version="1.0" encoding="UTF-8"?>
<!-- Generated by org.testng.reporters.JUnitReportReporter -->
<testsuite skipped="0" hostname="Toruk-Macto" name="MyTestNGSample.TestNGDependencyTestSample" tests="7" failures="0" timestamp="18 Mar 2019 14:54:46 GMT" time="0.022" errors="0">
  <testcase name="thereGoesAnotherTest" time="0.002" classname="MyTestNGSample.TestNGDependencyTestSample"/>
  <testcase name="thenComesAnotherOne" time="0.002" classname="MyTestNGSample.TestNGDependencyTestSample"/>
  <testcase name="hereComesAnotherOne" time="0.012" classname="MyTestNGSample.TestNGDependencyTestSample"/>
  <testcase name="hereGoesAnotherOne" time="0.002" classname="MyTestNGSample.TestNGDependencyTestSample"/>
  <testcase name="yetAnotherTestSample" time="0.001" classname="MyTestNGSample.TestNGDependencyTestSample"/>
  <testcase name="testSample" time="0.001" classname="MyTestNGSample.TestNGDependencyTestSample"/>
  <testcase name="anotherTestSample" time="0.002" classname="MyTestNGSample.TestNGDependencyTestSample"/>
</testsuite> <!-- MyTestNGSample.TestNGDependencyTestSample -->
