<?xml version="1.0" encoding="UTF-8"?>
<!-- Generated by org.testng.reporters.JUnitReportReporter -->
<testsuite skipped="0" hostname="Toruk-Macto" name="MyTestNGSample.TestNGSampleGroupingTest" tests="8" failures="0" timestamp="23 Mar 2019 15:13:44 GMT" time="0.017" errors="0">
  <testcase name="sampleGroupTestOne" time="0.001" classname="MyTestNGSample.TestNGSampleGroupingTest"/>
  <testcase name="sampleGroupTestFour" time="0.001" classname="MyTestNGSample.TestNGSampleGroupingTest"/>
  <testcase name="sampleGroupTestTwo" time="0.001" classname="MyTestNGSample.TestNGSampleGroupingTest"/>
  <testcase name="sampleGroupTestEight" time="0.011" classname="MyTestNGSample.TestNGSampleGroupingTest"/>
  <testcase name="sampleGroupTestSix" time="0.001" classname="MyTestNGSample.TestNGSampleGroupingTest"/>
  <testcase name="sampleGroupTestSeven" time="0.000" classname="MyTestNGSample.TestNGSampleGroupingTest"/>
  <testcase name="sampleGroupTestFive" time="0.001" classname="MyTestNGSample.TestNGSampleGroupingTest"/>
  <testcase name="sampleGroupTestThree" time="0.001" classname="MyTestNGSample.TestNGSampleGroupingTest"/>
</testsuite> <!-- MyTestNGSample.TestNGSampleGroupingTest -->
