<?xml version="1.0" encoding="UTF-8"?>
<!-- Generated by org.testng.reporters.JUnitReportReporter -->
<testsuite skipped="0" hostname="Toruk-Macto" name="LiveTestProjctDay04.MySolutionTestNGLiveTestCase04" tests="1" failures="0" timestamp="10 Apr 2019 19:14:17 GMT" time="26.623" errors="0">
  <testcase name="CommencingTest04Day04" time="26.623" classname="LiveTestProjctDay04.MySolutionTestNGLiveTestCase04"/>
</testsuite> <!-- LiveTestProjctDay04.MySolutionTestNGLiveTestCase04 -->
