<?xml version="1.0" encoding="UTF-8"?>
<!-- Generated by org.testng.reporters.JUnitReportReporter -->
<testsuite skipped="0" hostname="Toruk-Macto" name="tutorial.edureka.example.com.TestNGAnnotations" tests="2" failures="0" timestamp="12 Jun 2019 15:36:26 GMT" time="0.006" errors="0">
  <testcase name="TestCaseFunctionTwo" time="0.000" classname="tutorial.edureka.example.com.TestNGAnnotations"/>
  <testcase name="TestCaseFunctionOne" time="0.006" classname="tutorial.edureka.example.com.TestNGAnnotations"/>
</testsuite> <!-- tutorial.edureka.example.com.TestNGAnnotations -->
